mode: atomic
github.com/vhvplatform/go-api-gateway/internal/circuitbreaker/breaker.go:18.42,22.2 1 12
github.com/vhvplatform/go-api-gateway/internal/circuitbreaker/breaker.go:25.77,30.12 4 35
github.com/vhvplatform/go-api-gateway/internal/circuitbreaker/breaker.go:30.12,32.3 1 20
github.com/vhvplatform/go-api-gateway/internal/circuitbreaker/breaker.go:34.2,38.50 3 15
github.com/vhvplatform/go-api-gateway/internal/circuitbreaker/breaker.go:38.50,40.3 1 0
github.com/vhvplatform/go-api-gateway/internal/circuitbreaker/breaker.go:42.2,47.51 1 15
github.com/vhvplatform/go-api-gateway/internal/circuitbreaker/breaker.go:47.51,50.4 2 13
github.com/vhvplatform/go-api-gateway/internal/circuitbreaker/breaker.go:53.2,55.16 3 15
github.com/vhvplatform/go-api-gateway/internal/circuitbreaker/breaker.go:59.101,62.2 2 12
github.com/vhvplatform/go-api-gateway/internal/circuitbreaker/breaker.go:65.129,67.9 1 3
github.com/vhvplatform/go-api-gateway/internal/circuitbreaker/breaker.go:68.20,69.24 1 2
github.com/vhvplatform/go-api-gateway/internal/circuitbreaker/breaker.go:70.10,70.10 0 1
github.com/vhvplatform/go-api-gateway/internal/circuitbreaker/breaker.go:73.2,74.28 2 1
github.com/vhvplatform/go-api-gateway/internal/errors/errors.go:15.97,23.2 1 15
github.com/vhvplatform/go-api-gateway/internal/health/health.go:23.40,27.2 1 11
github.com/vhvplatform/go-api-gateway/internal/health/health.go:30.71,32.2 1 24
github.com/vhvplatform/go-api-gateway/internal/health/health.go:35.68,44.36 4 9
github.com/vhvplatform/go-api-gateway/internal/health/health.go:44.36,45.36 1 22
github.com/vhvplatform/go-api-gateway/internal/health/health.go:45.36,48.4 2 5
github.com/vhvplatform/go-api-gateway/internal/health/health.go:48.9,50.4 1 17
github.com/vhvplatform/go-api-gateway/internal/health/health.go:53.2,53.15 1 9
