mode: atomic
github.com/vhvplatform/go-api-gateway/internal/circuitbreaker/breaker.go:17.42,21.2 1 10
github.com/vhvplatform/go-api-gateway/internal/circuitbreaker/breaker.go:24.77,29.12 4 21
github.com/vhvplatform/go-api-gateway/internal/circuitbreaker/breaker.go:29.12,31.3 1 10
github.com/vhvplatform/go-api-gateway/internal/circuitbreaker/breaker.go:33.2,37.50 3 11
github.com/vhvplatform/go-api-gateway/internal/circuitbreaker/breaker.go:37.50,39.3 1 0
github.com/vhvplatform/go-api-gateway/internal/circuitbreaker/breaker.go:41.2,46.51 1 11
github.com/vhvplatform/go-api-gateway/internal/circuitbreaker/breaker.go:46.51,49.4 2 9
github.com/vhvplatform/go-api-gateway/internal/circuitbreaker/breaker.go:52.2,54.16 3 11
github.com/vhvplatform/go-api-gateway/internal/errors/errors.go:15.97,23.2 1 15
github.com/vhvplatform/go-api-gateway/internal/health/health.go:23.40,27.2 1 11
github.com/vhvplatform/go-api-gateway/internal/health/health.go:30.71,32.2 1 24
github.com/vhvplatform/go-api-gateway/internal/health/health.go:35.68,44.36 4 9
github.com/vhvplatform/go-api-gateway/internal/health/health.go:44.36,45.36 1 22
github.com/vhvplatform/go-api-gateway/internal/health/health.go:45.36,48.4 2 5
github.com/vhvplatform/go-api-gateway/internal/health/health.go:48.9,50.4 1 17
github.com/vhvplatform/go-api-gateway/internal/health/health.go:53.2,53.15 1 9
